INFO 2018-04-17 20:47:58,604 basehttp "POST /user/course/er HTTP/1.1" 200 45
ERROR 2018-04-17 20:49:07,628 basehttp "POST /user/course/er HTTP/1.1" 500 159625
ERROR 2018-04-17 20:50:17,179 basehttp "POST /user/course/er HTTP/1.1" 500 84650
ERROR 2018-04-17 20:50:32,954 basehttp "POST /user/course/er HTTP/1.1" 500 84641
ERROR 2018-04-17 20:51:07,245 basehttp "POST /user/course/er HTTP/1.1" 500 83946
INFO 2018-04-17 20:51:22,270 basehttp "POST /user/course/er HTTP/1.1" 200 2748
INFO 2018-04-17 20:51:30,844 basehttp "POST /user/course/er HTTP/1.1" 200 3414
INFO 2018-04-17 20:53:22,279 basehttp "POST /user/course/er HTTP/1.1" 200 3414
INFO 2018-04-17 20:53:32,676 basehttp "POST /user/course/er HTTP/1.1" 200 195
INFO 2018-04-17 20:53:40,624 basehttp "POST /user/course/er HTTP/1.1" 200 2716
INFO 2018-04-17 21:06:37,025 basehttp "POST /user/course/allclass HTTP/1.1" 200 35911
INFO 2018-04-17 21:11:36,295 basehttp "POST /user/course/allclass HTTP/1.1" 200 35911
ERROR 2018-04-17 21:11:37,070 basehttp "POST /user/course/allclass HTTP/1.1" 500 79012
INFO 2018-04-17 21:11:52,772 basehttp "POST /user/course/allclass HTTP/1.1" 200 35911
INFO 2018-04-17 21:11:53,479 basehttp "POST /user/course/allclass HTTP/1.1" 200 35911
INFO 2018-04-17 21:11:53,907 basehttp "POST /user/course/allclass HTTP/1.1" 200 35911
INFO 2018-04-17 21:11:54,059 basehttp "POST /user/course/allclass HTTP/1.1" 200 35911
INFO 2018-04-17 21:12:14,657 basehttp "POST /user/course/allteacher HTTP/1.1" 200 9470
ERROR 2018-04-17 21:12:16,402 basehttp "POST /user/course/allteacher HTTP/1.1" 500 79119
INFO 2018-04-17 21:12:24,840 basehttp "POST /user/course/allteacher HTTP/1.1" 200 9470
INFO 2018-04-17 21:12:25,492 basehttp "POST /user/course/allteacher HTTP/1.1" 200 9470
INFO 2018-04-17 21:12:26,008 basehttp "POST /user/course/allteacher HTTP/1.1" 200 9470
INFO 2018-04-17 21:12:26,160 basehttp "POST /user/course/allteacher HTTP/1.1" 200 9470
INFO 2018-04-17 21:12:26,315 basehttp "POST /user/course/allteacher HTTP/1.1" 200 9470
INFO 2018-04-17 21:12:26,463 basehttp "POST /user/course/allteacher HTTP/1.1" 200 9470
INFO 2018-04-17 21:12:26,614 basehttp "POST /user/course/allteacher HTTP/1.1" 200 9470
INFO 2018-04-17 21:12:26,759 basehttp "POST /user/course/allteacher HTTP/1.1" 200 9470
INFO 2018-04-17 21:12:55,160 basehttp "POST /user/course/getteacher HTTP/1.1" 200 1927
INFO 2018-04-17 21:13:10,298 basehttp "POST /user/course/getteacher HTTP/1.1" 200 1443
INFO 2018-04-17 21:15:00,904 basehttp "POST /user/course/getteacher HTTP/1.1" 200 142173
INFO 2018-04-17 21:15:26,708 basehttp "POST /user/course/getteacher HTTP/1.1" 200 108349
INFO 2018-04-17 21:18:03,946 basehttp "POST /user/course/getteacher HTTP/1.1" 200 45
INFO 2018-04-17 21:18:12,201 basehttp "POST /user/course/getteacher HTTP/1.1" 200 108349
INFO 2018-04-17 21:18:13,880 basehttp "POST /user/course/getteacher HTTP/1.1" 200 108349
INFO 2018-04-17 21:19:18,790 basehttp "POST /user/course/getteacher HTTP/1.1" 200 142173
INFO 2018-04-17 21:20:02,753 basehttp "POST /user/course/getteacher HTTP/1.1" 200 167037
INFO 2018-04-17 21:34:48,833 basehttp "POST /user/course/getteacher HTTP/1.1" 200 2007
INFO 2018-04-17 21:35:02,344 basehttp "POST /user/course/getteacher HTTP/1.1" 200 2007
INFO 2018-04-17 21:35:16,915 basehttp "POST /user/course/allclass HTTP/1.1" 200 45
INFO 2018-04-17 21:35:19,891 basehttp "POST /user/course/allclass HTTP/1.1" 200 35911
INFO 2018-04-17 21:35:38,304 basehttp "POST /user/course/er HTTP/1.1" 200 2748
INFO 2018-04-17 21:35:54,236 basehttp "POST /user/course/allteacher HTTP/1.1" 200 9470
INFO 2018-04-17 21:37:29,413 basehttp "POST /user/course/getteacher HTTP/1.1" 200 2007
INFO 2018-04-17 21:38:27,780 basehttp "POST /user/course/getteacher HTTP/1.1" 200 2007
INFO 2018-04-17 21:38:30,911 basehttp "POST /user/course/getteacher HTTP/1.1" 200 2007
INFO 2018-04-17 21:38:36,669 basehttp "POST /user/course/getteacher HTTP/1.1" 200 2007
INFO 2018-04-17 21:38:37,049 basehttp "POST /user/course/getteacher HTTP/1.1" 200 2007
INFO 2018-04-17 21:38:37,205 basehttp "POST /user/course/getteacher HTTP/1.1" 200 2007
INFO 2018-04-17 21:38:37,348 basehttp "POST /user/course/getteacher HTTP/1.1" 200 2007
INFO 2018-04-17 21:38:37,502 basehttp "POST /user/course/getteacher HTTP/1.1" 200 2007
INFO 2018-04-17 21:38:37,627 basehttp "POST /user/course/getteacher HTTP/1.1" 200 2007
INFO 2018-04-17 21:44:36,856 basehttp "POST /user/course/getclass HTTP/1.1" 200 29
INFO 2018-04-17 21:44:52,354 basehttp "POST /user/course/getclass HTTP/1.1" 200 14083
ERROR 2018-04-17 21:55:03,468 basehttp "POST /user/course/getgrade HTTP/1.1" 500 83530
ERROR 2018-04-17 21:55:57,419 basehttp "POST /user/course/getgrade HTTP/1.1" 500 97441
INFO 2018-04-17 21:56:26,351 basehttp "POST /user/course/getgrade HTTP/1.1" 200 10242
INFO 2018-04-17 21:56:53,634 basehttp "POST /user/course/getgrade HTTP/1.1" 200 5248
INFO 2018-04-17 21:58:16,824 basehttp "POST /user/course/getgrade HTTP/1.1" 200 5248
INFO 2018-04-17 21:58:23,251 basehttp "POST /user/course/getgrade HTTP/1.1" 200 29
INFO 2018-04-17 21:58:25,799 basehttp "POST /user/course/getgrade HTTP/1.1" 200 5048
INFO 2018-04-17 21:58:45,038 basehttp "POST /user/course/getgrade HTTP/1.1" 200 5048
INFO 2018-04-17 21:58:51,211 basehttp "POST /user/course/getgrade HTTP/1.1" 200 4881
INFO 2018-04-17 21:58:58,063 basehttp "POST /user/course/getgrade HTTP/1.1" 200 29
INFO 2018-04-17 21:59:16,972 basehttp "POST /user/course/getgrade HTTP/1.1" 200 7182
INFO 2018-04-17 21:59:29,223 basehttp "POST /user/course/getgrade HTTP/1.1" 200 20492
INFO 2018-04-17 22:01:32,253 basehttp "POST /user/course/er HTTP/1.1" 200 45
INFO 2018-04-17 22:01:44,090 basehttp "POST /user/course/er HTTP/1.1" 200 10523
INFO 2018-04-17 22:03:58,611 basehttp "POST /user/course/getgrade HTTP/1.1" 200 5248
INFO 2018-04-17 22:27:53,846 basehttp "POST /user/course/er HTTP/1.1" 200 3414
WARNING 2018-04-17 23:21:22,441 basehttp "POST /user/course/er HTTP/1.1" 400 42
INFO 2018-04-17 23:21:24,762 basehttp "POST /user/course/er HTTP/1.1" 200 45
ERROR 2018-04-17 23:21:40,186 basehttp "POST /user/course/er HTTP/1.1" 500 85210
INFO 2018-04-17 23:22:27,740 basehttp "POST /user/course/er HTTP/1.1" 200 1527
INFO 2018-04-17 23:22:40,438 basehttp "POST /user/course/er HTTP/1.1" 200 380
INFO 2018-04-17 23:23:02,073 basehttp "POST /user/course/er HTTP/1.1" 200 1603
INFO 2018-04-17 23:23:18,478 basehttp "POST /user/course/er HTTP/1.1" 200 1936
INFO 2018-04-17 23:24:23,076 basehttp "POST /user/course/er HTTP/1.1" 200 1603
INFO 2018-04-17 23:24:26,226 basehttp "POST /user/course/er HTTP/1.1" 200 1603
INFO 2018-04-17 23:24:26,914 basehttp "POST /user/course/er HTTP/1.1" 200 1603
INFO 2018-04-17 23:24:38,077 basehttp "POST /user/course/er HTTP/1.1" 200 825
INFO 2018-04-17 23:25:03,952 basehttp "POST /user/course/er HTTP/1.1" 200 10560
WARNING 2018-04-17 23:29:05,452 basehttp "POST /user/course/er HTTP/1.1" 400 42
INFO 2018-04-17 23:29:08,931 basehttp "POST /user/course/er HTTP/1.1" 200 45
INFO 2018-04-17 23:29:23,864 basehttp "POST /user/course/er HTTP/1.1" 200 4342
INFO 2018-04-18 23:30:11,902 basehttp "POST /user/course/getclass HTTP/1.1" 200 29
INFO 2018-04-18 23:30:36,483 basehttp "POST /user/course/getclass HTTP/1.1" 200 2039
INFO 2018-04-18 23:31:35,187 basehttp "POST /user/course/getclass HTTP/1.1" 200 5123
INFO 2018-04-18 23:31:39,333 basehttp "POST /user/course/getclass HTTP/1.1" 200 29
INFO 2018-04-18 23:31:57,034 basehttp "POST /user/course/getclass HTTP/1.1" 200 5123
INFO 2018-04-18 23:32:02,689 basehttp "POST /user/course/getclass HTTP/1.1" 200 3501
INFO 2018-04-18 23:32:11,075 basehttp "POST /user/course/getclass HTTP/1.1" 200 1944
INFO 2018-04-18 23:32:25,077 basehttp "POST /user/course/getclass HTTP/1.1" 200 2055
INFO 2018-04-18 23:32:33,095 basehttp "POST /user/course/getclass HTTP/1.1" 200 29
INFO 2018-04-18 23:32:43,482 basehttp "POST /user/course/getclass HTTP/1.1" 200 12026
ERROR 2018-04-18 23:34:36,297 basehttp "POST /user/course/getclass HTTP/1.1" 500 80379
INFO 2018-04-18 23:44:34,883 basehttp "POST /user/course/getclass HTTP/1.1" 200 16912
INFO 2018-04-18 23:46:33,653 basehttp "POST /user/course/getclass HTTP/1.1" 200 615
INFO 2018-04-18 23:46:47,428 basehttp "POST /user/course/getclass HTTP/1.1" 200 615
INFO 2018-04-18 23:46:54,882 basehttp "POST /user/course/getclass HTTP/1.1" 200 6988
INFO 2018-04-18 23:47:05,755 basehttp "POST /user/course/getclass HTTP/1.1" 200 29
INFO 2018-04-18 23:47:11,210 basehttp "POST /user/course/getclass HTTP/1.1" 200 92999
INFO 2018-04-18 23:47:27,500 basehttp "POST /user/course/getclass HTTP/1.1" 200 5733
INFO 2018-04-18 23:47:44,097 basehttp "POST /user/course/getteacher HTTP/1.1" 200 45
INFO 2018-04-18 23:47:54,080 basehttp "POST /user/course/getteacher HTTP/1.1" 200 2007
INFO 2018-04-18 23:48:09,590 basehttp "POST /user/course/getteacher HTTP/1.1" 200 2007
INFO 2018-04-18 23:48:09,756 basehttp "POST /user/course/getteacher HTTP/1.1" 200 2007
INFO 2018-04-18 23:48:09,904 basehttp "POST /user/course/getteacher HTTP/1.1" 200 2007
INFO 2018-04-18 23:48:10,058 basehttp "POST /user/course/getteacher HTTP/1.1" 200 2007
INFO 2018-04-18 23:48:10,182 basehttp "POST /user/course/getteacher HTTP/1.1" 200 2007
INFO 2018-04-18 23:48:58,626 basehttp "POST /user/course/getgrade HTTP/1.1" 200 5248
INFO 2018-04-18 23:49:08,403 basehttp "POST /user/course/getgrade HTTP/1.1" 200 29
INFO 2018-04-18 23:49:13,142 basehttp "POST /user/course/getgrade HTTP/1.1" 200 29
INFO 2018-04-18 23:49:15,895 basehttp "POST /user/course/getgrade HTTP/1.1" 200 5683
